[debug] [2021-09-13T17:40:13.326Z] ----------------------------------------------------------------------
[debug] [2021-09-13T17:40:13.328Z] Command:       C:\Program Files\nodejs\node.exe C:\Users\smkai\AppData\Roaming\npm\node_modules\firebase-tools\lib\bin\firebase.js deploy
[debug] [2021-09-13T17:40:13.329Z] CLI Version:   9.17.0
[debug] [2021-09-13T17:40:13.329Z] Platform:      win32
[debug] [2021-09-13T17:40:13.329Z] Node Version:  v14.17.6
[debug] [2021-09-13T17:40:13.329Z] Time:          Mon Sep 13 2021 23:40:13 GMT+0600 (Bangladesh Standard Time)
[debug] [2021-09-13T17:40:13.330Z] ----------------------------------------------------------------------
[debug] 
[debug] [2021-09-13T17:40:13.401Z] > command requires scopes: ["email","openid","https://www.googleapis.com/auth/cloudplatformprojects.readonly","https://www.googleapis.com/auth/firebase","https://www.googleapis.com/auth/cloud-platform"]
[debug] [2021-09-13T17:40:13.401Z] > authorizing via signed-in user (inkaiserahmed@gmail.com)
[debug] [2021-09-13T17:40:13.401Z] [iam] checking project netflixclonex for permissions ["firebase.projects.get","firebasehosting.sites.update"]
[debug] [2021-09-13T17:40:13.403Z] > refreshing access token with scopes: ["email","https://www.googleapis.com/auth/cloud-platform","https://www.googleapis.com/auth/cloudplatformprojects.readonly","https://www.googleapis.com/auth/firebase","openid"]
[debug] [2021-09-13T17:40:13.404Z] >>> HTTP REQUEST POST https://www.googleapis.com/oauth2/v3/token  
 <request body omitted>
[debug] [2021-09-13T17:40:25.882Z] [iam] error while checking permissions, command may fail: FirebaseError: Authentication Error: Your credentials are no longer valid. Please run firebase login --reauth

For CI servers and headless environments, generate a new token with firebase login:ci
[debug] [2021-09-13T17:40:25.883Z] > refreshing access token with scopes: []
[debug] [2021-09-13T17:40:25.883Z] >>> HTTP REQUEST POST https://www.googleapis.com/oauth2/v3/token  
 <request body omitted>
[debug] [2021-09-13T17:40:32.845Z] <<< HTTP RESPONSE 200 {"pragma":"no-cache","expires":"Mon, 01 Jan 1990 00:00:00 GMT","cache-control":"no-cache, no-store, max-age=0, must-revalidate","date":"Mon, 13 Sep 2021 17:40:33 GMT","content-type":"application/json; charset=utf-8","vary":"X-Origin, Referer, Origin,Accept-Encoding","server":"scaffolding on HTTPServer2","x-xss-protection":"0","x-frame-options":"SAMEORIGIN","x-content-type-options":"nosniff","alt-svc":"h3=\":443\"; ma=2592000,h3-29=\":443\"; ma=2592000,h3-T051=\":443\"; ma=2592000,h3-Q050=\":443\"; ma=2592000,h3-Q046=\":443\"; ma=2592000,h3-Q043=\":443\"; ma=2592000,quic=\":443\"; ma=2592000; v=\"46,43\"","accept-ranges":"none","transfer-encoding":"chunked"}
[debug] [2021-09-13T17:40:32.862Z] >>> [apiv2][query] GET https://firebase.googleapis.com/v1beta1/projects/netflixclonex [none]
[debug] [2021-09-13T17:40:45.579Z] Failed to make request to https://firebase.googleapis.com/v1beta1/projects/netflixclonex
[debug] [2021-09-13T17:40:56.217Z] FirebaseError: Failed to make request to https://firebase.googleapis.com/v1beta1/projects/netflixclonex
    at Client.doRequest (C:\Users\smkai\AppData\Roaming\npm\node_modules\firebase-tools\lib\apiv2.js:211:19)
    at processTicksAndRejections (internal/process/task_queues.js:95:5)
    at async Client.request (C:\Users\smkai\AppData\Roaming\npm\node_modules\firebase-tools\lib\apiv2.js:96:20)
    at async Object.getFirebaseProject (C:\Users\smkai\AppData\Roaming\npm\node_modules\firebase-tools\lib\management\projects.js:290:21)
    at async Object.getDefaultHostingSite (C:\Users\smkai\AppData\Roaming\npm\node_modules\firebase-tools\lib\getDefaultHostingSite.js:8:21)
    at async requireHostingSite (C:\Users\smkai\AppData\Roaming\npm\node_modules\firebase-tools\lib\requireHostingSite.js:9:18)
    at async Object.fn (C:\Users\smkai\AppData\Roaming\npm\node_modules\firebase-tools\lib\commands\deploy.js:65:9)
    at async C:\Users\smkai\AppData\Roaming\npm\node_modules\firebase-tools\lib\command.js:188:17
[error] 
[error] Error: Failed to get Firebase project netflixclonex. Please make sure the project exists and your account has permission to access it.
